2020-03-08 14:13:16,324 [INFO] from play.api.db.DefaultDBApi in play-dev-mode-akka.actor.default-dispatcher-6 - Database [default] initialized at jdbc:h2:mem:play;DB_CLOSE_DELAY=-1
2020-03-08 14:13:16,336 [INFO] from play.api.db.HikariCPConnectionPool in play-dev-mode-akka.actor.default-dispatcher-6 - Creating Pool for datasource 'default'
2020-03-08 14:13:18,768 [INFO] from play.api.http.EnabledFilters in play-dev-mode-akka.actor.default-dispatcher-6 - Enabled Filters (see <https://www.playframework.com/documentation/latest/Filters>):

    play.filters.csrf.CSRFFilter
    play.filters.headers.SecurityHeadersFilter
    play.filters.hosts.AllowedHostsFilter

2020-03-08 14:13:18,781 [INFO] from play.api.Play in play-dev-mode-akka.actor.default-dispatcher-6 - Application started (Dev) (no global state)
2020-03-08 14:13:18,922 [ERROR] from play.api.http.DefaultHttpErrorHandler in play-dev-mode-akka.actor.default-dispatcher-6 - 

! @7f4ea16id - Internal server error, for (GET) [/] ->
 
play.api.db.evolutions.InvalidDatabaseRevision: Database 'default' needs evolution![An SQL script need to be run on your database.]
	at play.api.db.evolutions.EvolutionsWebCommands.$anonfun$handleWebCommand$5(ApplicationEvolutions.scala:529)
	at play.api.db.evolutions.EvolutionsWebCommands.$anonfun$handleWebCommand$5$adapted(ApplicationEvolutions.scala:522)
	at play.api.db.evolutions.ApplicationEvolutions$.$anonfun$runEvolutions$1(ApplicationEvolutions.scala:211)
	at play.api.db.evolutions.ApplicationEvolutions$.withLock(ApplicationEvolutions.scala:232)
	at play.api.db.evolutions.ApplicationEvolutions$.runEvolutions(ApplicationEvolutions.scala:202)
	at play.api.db.evolutions.EvolutionsWebCommands.$anonfun$handleWebCommand$4(ApplicationEvolutions.scala:522)
	at play.api.db.evolutions.EvolutionsWebCommands.$anonfun$handleWebCommand$4$adapted(ApplicationEvolutions.scala:517)
	at scala.collection.immutable.List.foreach(List.scala:305)
	at play.api.db.evolutions.EvolutionsWebCommands.handleWebCommand(ApplicationEvolutions.scala:517)
	at play.core.DefaultWebCommands.$anonfun$handleWebCommand$1(WebCommands.scala:41)
	at scala.collection.immutable.Stream.flatMap(Stream.scala:202)
	at play.core.DefaultWebCommands.handleWebCommand(WebCommands.scala:41)
	at play.api.http.DefaultHttpRequestHandler.$anonfun$handlerForRequest$4(HttpRequestHandler.scala:199)
	at scala.Option.flatMap(Option.scala:283)
	at play.api.http.DefaultHttpRequestHandler.handlerForRequest(HttpRequestHandler.scala:198)
	at play.core.server.Server$.getHandlerFor(Server.scala:125)
	at play.core.server.AkkaHttpServer.handleRequest(AkkaHttpServer.scala:311)
	at play.core.server.AkkaHttpServer.$anonfun$createServerBinding$1(AkkaHttpServer.scala:186)
	at akka.stream.impl.fusing.MapAsync$$anon$30.onPush(Ops.scala:1261)
	at akka.stream.impl.fusing.GraphInterpreter.processPush(GraphInterpreter.scala:541)
	at akka.stream.impl.fusing.GraphInterpreter.execute(GraphInterpreter.scala:423)
	at akka.stream.impl.fusing.GraphInterpreterShell.runBatch(ActorGraphInterpreter.scala:624)
	at akka.stream.impl.fusing.GraphInterpreterShell$AsyncInput.execute(ActorGraphInterpreter.scala:501)
	at akka.stream.impl.fusing.GraphInterpreterShell.processEvent(ActorGraphInterpreter.scala:599)
	at akka.stream.impl.fusing.ActorGraphInterpreter.akka$stream$impl$fusing$ActorGraphInterpreter$$processEvent(ActorGraphInterpreter.scala:768)
	at akka.stream.impl.fusing.ActorGraphInterpreter$$anonfun$receive$1.applyOrElse(ActorGraphInterpreter.scala:783)
	at akka.actor.Actor.aroundReceive(Actor.scala:533)
	at akka.actor.Actor.aroundReceive$(Actor.scala:531)
	at akka.stream.impl.fusing.ActorGraphInterpreter.aroundReceive(ActorGraphInterpreter.scala:690)
	at akka.actor.ActorCell.receiveMessage(ActorCell.scala:573)
	at akka.actor.ActorCell.invoke(ActorCell.scala:543)
	at akka.dispatch.Mailbox.processMailbox(Mailbox.scala:269)
	at akka.dispatch.Mailbox.run(Mailbox.scala:230)
	at akka.dispatch.Mailbox.exec(Mailbox.scala:242)
	at java.base/java.util.concurrent.ForkJoinTask.doExec(ForkJoinTask.java:290)
	at java.base/java.util.concurrent.ForkJoinPool$WorkQueue.topLevelExec(ForkJoinPool.java:1020)
	at java.base/java.util.concurrent.ForkJoinPool.scan(ForkJoinPool.java:1656)
	at java.base/java.util.concurrent.ForkJoinPool.runWorker(ForkJoinPool.java:1594)
	at java.base/java.util.concurrent.ForkJoinWorkerThread.run(ForkJoinWorkerThread.java:177)
2020-03-08 14:13:18,924 [ERROR] from play.api.http.DefaultHttpErrorHandler in play-dev-mode-akka.actor.default-dispatcher-10 - 

! @7f4ea16ip - Internal server error, for (GET) [/] ->
 
play.api.db.evolutions.InvalidDatabaseRevision: Database 'default' needs evolution![An SQL script need to be run on your database.]
	at play.api.db.evolutions.EvolutionsWebCommands.$anonfun$handleWebCommand$5(ApplicationEvolutions.scala:529)
	at play.api.db.evolutions.EvolutionsWebCommands.$anonfun$handleWebCommand$5$adapted(ApplicationEvolutions.scala:522)
	at play.api.db.evolutions.ApplicationEvolutions$.$anonfun$runEvolutions$1(ApplicationEvolutions.scala:211)
	at play.api.db.evolutions.ApplicationEvolutions$.withLock(ApplicationEvolutions.scala:232)
	at play.api.db.evolutions.ApplicationEvolutions$.runEvolutions(ApplicationEvolutions.scala:202)
	at play.api.db.evolutions.EvolutionsWebCommands.$anonfun$handleWebCommand$4(ApplicationEvolutions.scala:522)
	at play.api.db.evolutions.EvolutionsWebCommands.$anonfun$handleWebCommand$4$adapted(ApplicationEvolutions.scala:517)
	at scala.collection.immutable.List.foreach(List.scala:305)
	at play.api.db.evolutions.EvolutionsWebCommands.handleWebCommand(ApplicationEvolutions.scala:517)
	at play.core.DefaultWebCommands.$anonfun$handleWebCommand$1(WebCommands.scala:41)
	at scala.collection.immutable.Stream.flatMap(Stream.scala:202)
	at play.core.DefaultWebCommands.handleWebCommand(WebCommands.scala:41)
	at play.api.http.DefaultHttpRequestHandler.$anonfun$handlerForRequest$4(HttpRequestHandler.scala:199)
	at scala.Option.flatMap(Option.scala:283)
	at play.api.http.DefaultHttpRequestHandler.handlerForRequest(HttpRequestHandler.scala:198)
	at play.core.server.Server$.getHandlerFor(Server.scala:125)
	at play.core.server.AkkaHttpServer.handleRequest(AkkaHttpServer.scala:311)
	at play.core.server.AkkaHttpServer.$anonfun$createServerBinding$1(AkkaHttpServer.scala:186)
	at akka.stream.impl.fusing.MapAsync$$anon$30.onPush(Ops.scala:1261)
	at akka.stream.impl.fusing.GraphInterpreter.processPush(GraphInterpreter.scala:541)
	at akka.stream.impl.fusing.GraphInterpreter.execute(GraphInterpreter.scala:423)
	at akka.stream.impl.fusing.GraphInterpreterShell.runBatch(ActorGraphInterpreter.scala:624)
	at akka.stream.impl.fusing.GraphInterpreterShell$AsyncInput.execute(ActorGraphInterpreter.scala:501)
	at akka.stream.impl.fusing.GraphInterpreterShell.processEvent(ActorGraphInterpreter.scala:599)
	at akka.stream.impl.fusing.ActorGraphInterpreter.akka$stream$impl$fusing$ActorGraphInterpreter$$processEvent(ActorGraphInterpreter.scala:768)
	at akka.stream.impl.fusing.ActorGraphInterpreter$$anonfun$receive$1.applyOrElse(ActorGraphInterpreter.scala:783)
	at akka.actor.Actor.aroundReceive(Actor.scala:533)
	at akka.actor.Actor.aroundReceive$(Actor.scala:531)
	at akka.stream.impl.fusing.ActorGraphInterpreter.aroundReceive(ActorGraphInterpreter.scala:690)
	at akka.actor.ActorCell.receiveMessage(ActorCell.scala:573)
	at akka.actor.ActorCell.invoke(ActorCell.scala:543)
	at akka.dispatch.Mailbox.processMailbox(Mailbox.scala:269)
	at akka.dispatch.Mailbox.run(Mailbox.scala:230)
	at akka.dispatch.Mailbox.exec(Mailbox.scala:242)
	at java.base/java.util.concurrent.ForkJoinTask.doExec(ForkJoinTask.java:290)
	at java.base/java.util.concurrent.ForkJoinPool$WorkQueue.topLevelExec(ForkJoinPool.java:1020)
	at java.base/java.util.concurrent.ForkJoinPool.scan(ForkJoinPool.java:1656)
	at java.base/java.util.concurrent.ForkJoinPool.runWorker(ForkJoinPool.java:1594)
	at java.base/java.util.concurrent.ForkJoinWorkerThread.run(ForkJoinWorkerThread.java:177)
2020-03-08 14:13:19,512 [ERROR] from play.api.http.DefaultHttpErrorHandler in play-dev-mode-akka.actor.default-dispatcher-6 - 

! @7f4ea17fe - Internal server error, for (GET) [/] ->
 
play.api.db.evolutions.InvalidDatabaseRevision: Database 'default' needs evolution![An SQL script need to be run on your database.]
	at play.api.db.evolutions.EvolutionsWebCommands.$anonfun$handleWebCommand$5(ApplicationEvolutions.scala:529)
	at play.api.db.evolutions.EvolutionsWebCommands.$anonfun$handleWebCommand$5$adapted(ApplicationEvolutions.scala:522)
	at play.api.db.evolutions.ApplicationEvolutions$.$anonfun$runEvolutions$1(ApplicationEvolutions.scala:211)
	at play.api.db.evolutions.ApplicationEvolutions$.withLock(ApplicationEvolutions.scala:232)
	at play.api.db.evolutions.ApplicationEvolutions$.runEvolutions(ApplicationEvolutions.scala:202)
	at play.api.db.evolutions.EvolutionsWebCommands.$anonfun$handleWebCommand$4(ApplicationEvolutions.scala:522)
	at play.api.db.evolutions.EvolutionsWebCommands.$anonfun$handleWebCommand$4$adapted(ApplicationEvolutions.scala:517)
	at scala.collection.immutable.List.foreach(List.scala:305)
	at play.api.db.evolutions.EvolutionsWebCommands.handleWebCommand(ApplicationEvolutions.scala:517)
	at play.core.DefaultWebCommands.$anonfun$handleWebCommand$1(WebCommands.scala:41)
	at scala.collection.immutable.Stream.flatMap(Stream.scala:202)
	at play.core.DefaultWebCommands.handleWebCommand(WebCommands.scala:41)
	at play.api.http.DefaultHttpRequestHandler.$anonfun$handlerForRequest$4(HttpRequestHandler.scala:199)
	at scala.Option.flatMap(Option.scala:283)
	at play.api.http.DefaultHttpRequestHandler.handlerForRequest(HttpRequestHandler.scala:198)
	at play.core.server.Server$.getHandlerFor(Server.scala:125)
	at play.core.server.AkkaHttpServer.handleRequest(AkkaHttpServer.scala:311)
	at play.core.server.AkkaHttpServer.$anonfun$createServerBinding$1(AkkaHttpServer.scala:186)
	at akka.stream.impl.fusing.MapAsync$$anon$30.onPush(Ops.scala:1261)
	at akka.stream.impl.fusing.GraphInterpreter.processPush(GraphInterpreter.scala:541)
	at akka.stream.impl.fusing.GraphInterpreter.execute(GraphInterpreter.scala:423)
	at akka.stream.impl.fusing.GraphInterpreterShell.runBatch(ActorGraphInterpreter.scala:624)
	at akka.stream.impl.fusing.GraphInterpreterShell$AsyncInput.execute(ActorGraphInterpreter.scala:501)
	at akka.stream.impl.fusing.GraphInterpreterShell.processEvent(ActorGraphInterpreter.scala:599)
	at akka.stream.impl.fusing.ActorGraphInterpreter.akka$stream$impl$fusing$ActorGraphInterpreter$$processEvent(ActorGraphInterpreter.scala:768)
	at akka.stream.impl.fusing.ActorGraphInterpreter$$anonfun$receive$1.applyOrElse(ActorGraphInterpreter.scala:783)
	at akka.actor.Actor.aroundReceive(Actor.scala:533)
	at akka.actor.Actor.aroundReceive$(Actor.scala:531)
	at akka.stream.impl.fusing.ActorGraphInterpreter.aroundReceive(ActorGraphInterpreter.scala:690)
	at akka.actor.ActorCell.receiveMessage(ActorCell.scala:573)
	at akka.actor.ActorCell.invoke(ActorCell.scala:543)
	at akka.dispatch.Mailbox.processMailbox(Mailbox.scala:269)
	at akka.dispatch.Mailbox.run(Mailbox.scala:230)
	at akka.dispatch.Mailbox.exec(Mailbox.scala:242)
	at java.base/java.util.concurrent.ForkJoinTask.doExec(ForkJoinTask.java:290)
	at java.base/java.util.concurrent.ForkJoinPool$WorkQueue.topLevelExec(ForkJoinPool.java:1020)
	at java.base/java.util.concurrent.ForkJoinPool.scan(ForkJoinPool.java:1656)
	at java.base/java.util.concurrent.ForkJoinPool.runWorker(ForkJoinPool.java:1594)
	at java.base/java.util.concurrent.ForkJoinWorkerThread.run(ForkJoinWorkerThread.java:177)
2020-03-08 14:13:23,900 [INFO] from play.api.db.HikariCPConnectionPool in application-akka.actor.internal-dispatcher-3 - Shutting down connection pool.
2020-03-08 14:13:24,298 [INFO] from play.api.db.DefaultDBApi in play-dev-mode-akka.actor.default-dispatcher-12 - Database [default] initialized at jdbc:h2:mem:play;DB_CLOSE_DELAY=-1
2020-03-08 14:13:24,299 [INFO] from play.api.db.HikariCPConnectionPool in play-dev-mode-akka.actor.default-dispatcher-12 - Creating Pool for datasource 'default'
2020-03-08 14:13:24,501 [INFO] from play.api.http.EnabledFilters in play-dev-mode-akka.actor.default-dispatcher-12 - Enabled Filters (see <https://www.playframework.com/documentation/latest/Filters>):

    play.filters.csrf.CSRFFilter
    play.filters.headers.SecurityHeadersFilter
    play.filters.hosts.AllowedHostsFilter

2020-03-08 14:13:24,506 [INFO] from play.api.Play in play-dev-mode-akka.actor.default-dispatcher-12 - Application started (Dev) (no global state)
2020-03-08 17:52:57,688 [INFO] from play.core.server.AkkaHttpServer in play-dev-mode-shutdown-hook-1 - Stopping server...
2020-03-08 17:52:59,022 [INFO] from play.api.db.HikariCPConnectionPool in application-akka.actor.internal-dispatcher-5 - Shutting down connection pool.
